<?xml version="1.0" encoding="UTF-8"?>
<!-- Generated by org.testng.reporters.JUnitReportReporter -->
<testsuite hostname="DESKTOP-NLMSAMV" failures="0" tests="7" name="Basic.Signup" time="172.466" errors="0" timestamp="2024-12-23T13:02:38 IST" skipped="0">
  <testcase classname="Basic.Signup" name="Sign_Up_with_Valid_Credentials" time="37.123"/>
  <testcase classname="Basic.Signup" name="Sign_Up_with_an_already_Registered_Email" time="19.974"/>
  <testcase classname="Basic.Signup" name="SignUp_with_an_Invalid_EmailID" time="20.740"/>
  <testcase classname="Basic.Signup" name="SignUp_with_Password_ConfirmPassword_Missmatch" time="25.405"/>
  <testcase classname="Basic.Signup" name="SignUp_with_a_Password_Less_Than_6_Characters" time="24.910"/>
  <testcase classname="Basic.Signup" name="SignUp_with_an_Email_Containing_Invalid_Characters_Space" time="22.414"/>
  <testcase classname="Basic.Signup" name="SignUp_with_an_Password_Containing_Invalid_Characters_Space" time="21.900"/>
</testsuite> <!-- Basic.Signup -->
